<?xml version="1.0" encoding="UTF-8"?>
<testsuite xmlns:xsi="http://www.w3.org/2001/XMLSchema-instance" xsi:noNamespaceSchemaLocation="https://maven.apache.org/surefire/maven-surefire-plugin/xsd/surefire-test-report-3.0.xsd" version="3.0" name="com.bhargavmoviescollection.movies.MoviesApplicationTests" time="4.487" tests="1" errors="0" skipped="0" failures="0">
  <properties>
[...]
</properties>
  <testcase name="contextLoads" classname="com.bhargavmoviescollection.movies.MoviesApplicationTests" time="1.027">
    <system-out><![CDATA[17:11:01.742 [main] INFO org.springframework.test.context.support.AnnotationConfigContextLoaderUtils -- Could not detect default configuration classes for test class [com.bhargavmoviescollection.movies.MoviesApplicationTests]: MoviesApplicationTests does not declare any static, non-private, non-final, nested classes annotated with @Configuration.
17:11:01.879 [main] INFO org.springframework.boot.test.context.SpringBootTestContextBootstrapper -- Found @SpringBootConfiguration com.bhargavmoviescollection.movies.MoviesApplication for test class com.bhargavmoviescollection.movies.MoviesApplicationTests

  .   ____          _            __ _ _
 /\\ / ___'_ __ _ _(_)_ __  __ _ \ \ \ \
( ( )\___ | '_ | '_| | '_ \/ _` | \ \ \ \
 \\/  ___)| |_)| | | | | || (_| |  ) ) ) )
  '  |____| .__|_| |_|_| |_\__, | / / / /
 =========|_|==============|___/=/_/_/_/
 :: Spring Boot ::                (v3.1.1)

2023-06-30T17:11:02.358+05:30  INFO 516 --- [           main] m.p.springdotenv.DotenvPropertySource    : Initializing Dotenv with DotenvConfig{directory=null, filename=null, ignoreIfMalformed=false, ignoreIfMissing=true, systemProperties=false, prefix=null}
2023-06-30T17:11:02.411+05:30  INFO 516 --- [           main] c.b.movies.MoviesApplicationTests        : Starting MoviesApplicationTests using Java 17.0.6 with PID 516 (started by prasuna in /home/prasuna/git/repository/movies)
2023-06-30T17:11:02.413+05:30  INFO 516 --- [           main] c.b.movies.MoviesApplicationTests        : No active profile set, falling back to 1 default profile: "default"
2023-06-30T17:11:03.068+05:30  INFO 516 --- [           main] .s.d.r.c.RepositoryConfigurationDelegate : Bootstrapping Spring Data MongoDB repositories in DEFAULT mode.
2023-06-30T17:11:03.145+05:30  INFO 516 --- [           main] .s.d.r.c.RepositoryConfigurationDelegate : Finished Spring Data repository scanning in 71 ms. Found 1 MongoDB repository interfaces.
2023-06-30T17:11:03.648+05:30  INFO 516 --- [8i1.mongodb.net] org.mongodb.driver.cluster               : Adding discovered server ac-o6dmgwk-shard-00-01.kdf48i1.mongodb.net:27017 to client view of cluster
2023-06-30T17:11:03.660+05:30  INFO 516 --- [           main] org.mongodb.driver.client                : MongoClient with metadata {"driver": {"name": "mongo-java-driver|sync|spring-boot", "version": "4.9.1"}, "os": {"type": "Linux", "name": "Linux", "architecture": "amd64", "version": "6.1.11-76060111-generic"}, "platform": "Java/Eclipse Adoptium/17.0.6+10"} created with settings MongoClientSettings{readPreference=primary, writeConcern=WriteConcern{w=null, wTimeout=null ms, journal=null}, retryWrites=true, retryReads=true, readConcern=ReadConcern{level=null}, credential=MongoCredential{mechanism=null, userName='bhargav798136', source='admin', password=<hidden>, mechanismProperties=<hidden>}, streamFactoryFactory=null, commandListeners=[], codecRegistry=ProvidersCodecRegistry{codecProviders=[ValueCodecProvider{}, BsonValueCodecProvider{}, DBRefCodecProvider{}, DBObjectCodecProvider{}, DocumentCodecProvider{}, CollectionCodecProvider{}, IterableCodecProvider{}, MapCodecProvider{}, GeoJsonCodecProvider{}, GridFSFileCodecProvider{}, Jsr310CodecProvider{}, JsonObjectCodecProvider{}, BsonCodecProvider{}, EnumCodecProvider{}, com.mongodb.client.model.mql.ExpressionCodecProvider@4735d6e5, com.mongodb.Jep395RecordCodecProvider@79d3473e]}, loggerSettings=LoggerSettings{maxDocumentLength=1000}, clusterSettings={hosts=[127.0.0.1:27017], srvHost=cluster0.kdf48i1.mongodb.net, srvServiceName=mongodb, mode=MULTIPLE, requiredClusterType=REPLICA_SET, requiredReplicaSetName='atlas-g8x2bj-shard-0', serverSelector='null', clusterListeners='[]', serverSelectionTimeout='30000 ms', localThreshold='30000 ms'}, socketSettings=SocketSettings{connectTimeoutMS=10000, readTimeoutMS=0, receiveBufferSize=0, sendBufferSize=0}, heartbeatSocketSettings=SocketSettings{connectTimeoutMS=10000, readTimeoutMS=10000, receiveBufferSize=0, sendBufferSize=0}, connectionPoolSettings=ConnectionPoolSettings{maxSize=100, minSize=0, maxWaitTimeMS=120000, maxConnectionLifeTimeMS=0, maxConnectionIdleTimeMS=0, maintenanceInitialDelayMS=0, maintenanceFrequencyMS=60000, connectionPoolListeners=[], maxConnecting=2}, serverSettings=ServerSettings{heartbeatFrequencyMS=10000, minHeartbeatFrequencyMS=500, serverListeners='[]', serverMonitorListeners='[]'}, sslSettings=SslSettings{enabled=true, invalidHostNameAllowed=false, context=null}, applicationName='null', compressorList=[], uuidRepresentation=JAVA_LEGACY, serverApi=null, autoEncryptionSettings=null, contextProvider=null}
2023-06-30T17:11:03.671+05:30  INFO 516 --- [8i1.mongodb.net] org.mongodb.driver.cluster               : Adding discovered server ac-o6dmgwk-shard-00-00.kdf48i1.mongodb.net:27017 to client view of cluster
2023-06-30T17:11:03.673+05:30  INFO 516 --- [8i1.mongodb.net] org.mongodb.driver.cluster               : Adding discovered server ac-o6dmgwk-shard-00-02.kdf48i1.mongodb.net:27017 to client view of cluster
2023-06-30T17:11:04.356+05:30  INFO 516 --- [ngodb.net:27017] org.mongodb.driver.cluster               : Monitor thread successfully connected to server with description ServerDescription{address=ac-o6dmgwk-shard-00-02.kdf48i1.mongodb.net:27017, type=REPLICA_SET_SECONDARY, state=CONNECTED, ok=true, minWireVersion=0, maxWireVersion=17, maxDocumentSize=16777216, logicalSessionTimeoutMinutes=30, roundTripTimeNanos=338452179, setName='atlas-g8x2bj-shard-0', canonicalAddress=ac-o6dmgwk-shard-00-02.kdf48i1.mongodb.net:27017, hosts=[ac-o6dmgwk-shard-00-00.kdf48i1.mongodb.net:27017, ac-o6dmgwk-shard-00-02.kdf48i1.mongodb.net:27017, ac-o6dmgwk-shard-00-01.kdf48i1.mongodb.net:27017], passives=[], arbiters=[], primary='ac-o6dmgwk-shard-00-01.kdf48i1.mongodb.net:27017', tagSet=TagSet{[Tag{name='nodeType', value='ELECTABLE'}, Tag{name='provider', value='GCP'}, Tag{name='region', value='ASIA_SOUTH_1'}, Tag{name='workloadType', value='OPERATIONAL'}]}, electionId=null, setVersion=5, topologyVersion=TopologyVersion{processId=646e2b1592ddb7b691560ea2, counter=3}, lastWriteDate=Fri Jun 30 17:11:04 IST 2023, lastUpdateTimeNanos=6113853889840}
2023-06-30T17:11:04.356+05:30  INFO 516 --- [ngodb.net:27017] org.mongodb.driver.cluster               : Monitor thread successfully connected to server with description ServerDescription{address=ac-o6dmgwk-shard-00-01.kdf48i1.mongodb.net:27017, type=REPLICA_SET_PRIMARY, state=CONNECTED, ok=true, minWireVersion=0, maxWireVersion=17, maxDocumentSize=16777216, logicalSessionTimeoutMinutes=30, roundTripTimeNanos=336611581, setName='atlas-g8x2bj-shard-0', canonicalAddress=ac-o6dmgwk-shard-00-01.kdf48i1.mongodb.net:27017, hosts=[ac-o6dmgwk-shard-00-00.kdf48i1.mongodb.net:27017, ac-o6dmgwk-shard-00-02.kdf48i1.mongodb.net:27017, ac-o6dmgwk-shard-00-01.kdf48i1.mongodb.net:27017], passives=[], arbiters=[], primary='ac-o6dmgwk-shard-00-01.kdf48i1.mongodb.net:27017', tagSet=TagSet{[Tag{name='nodeType', value='ELECTABLE'}, Tag{name='provider', value='GCP'}, Tag{name='region', value='ASIA_SOUTH_1'}, Tag{name='workloadType', value='OPERATIONAL'}]}, electionId=7fffffff000000000000004f, setVersion=5, topologyVersion=TopologyVersion{processId=646e2ac15f7f131c2466aab4, counter=6}, lastWriteDate=Fri Jun 30 17:11:04 IST 2023, lastUpdateTimeNanos=6113854862321}
2023-06-30T17:11:04.356+05:30  INFO 516 --- [ngodb.net:27017] org.mongodb.driver.cluster               : Monitor thread successfully connected to server with description ServerDescription{address=ac-o6dmgwk-shard-00-00.kdf48i1.mongodb.net:27017, type=REPLICA_SET_SECONDARY, state=CONNECTED, ok=true, minWireVersion=0, maxWireVersion=17, maxDocumentSize=16777216, logicalSessionTimeoutMinutes=30, roundTripTimeNanos=335484764, setName='atlas-g8x2bj-shard-0', canonicalAddress=ac-o6dmgwk-shard-00-00.kdf48i1.mongodb.net:27017, hosts=[ac-o6dmgwk-shard-00-00.kdf48i1.mongodb.net:27017, ac-o6dmgwk-shard-00-02.kdf48i1.mongodb.net:27017, ac-o6dmgwk-shard-00-01.kdf48i1.mongodb.net:27017], passives=[], arbiters=[], primary='ac-o6dmgwk-shard-00-01.kdf48i1.mongodb.net:27017', tagSet=TagSet{[Tag{name='nodeType', value='ELECTABLE'}, Tag{name='provider', value='GCP'}, Tag{name='region', value='ASIA_SOUTH_1'}, Tag{name='workloadType', value='OPERATIONAL'}]}, electionId=null, setVersion=5, topologyVersion=TopologyVersion{processId=646e2a6e4667695eee680b21, counter=4}, lastWriteDate=Fri Jun 30 17:11:04 IST 2023, lastUpdateTimeNanos=6113854608982}
2023-06-30T17:11:04.360+05:30  INFO 516 --- [ngodb.net:27017] org.mongodb.driver.cluster               : Discovered replica set primary ac-o6dmgwk-shard-00-01.kdf48i1.mongodb.net:27017 with max election id 7fffffff000000000000004f and max set version 5
2023-06-30T17:11:04.960+05:30  INFO 516 --- [           main] c.b.movies.MoviesApplicationTests        : Started MoviesApplicationTests in 2.914 seconds (process running for 4.166)
]]></system-out>
  </testcase>
</testsuite>